<?xml version="1.0" encoding="UTF-8" ?>
<testsuite tests="1" failures="0" name="Runners.TestRunner" time="3.89" errors="1" skipped="0">
  <properties>
[...]
</properties>
  <testcase classname="Validating CreateorUpdate API" name="Verify if application is being added successfully to CreateorUpdate API" time="3.89">
    <error message="Cannot deserialize value of type `pojo.CreateOrUpdateAPI.ProjectOwner.EstablishmentOwners` from Array value (token `JsonToken.START_ARRAY`)
 at [Source: (File); line: 50, column: 27] (through reference chain: pojo.CreateOrUpdateAPI.CreateApplication[&quot;projectOwners&quot;]-&gt;pojo.CreateOrUpdateAPI.ProjectOwner.ProjectOwners[&quot;establishmentOwners&quot;])" type="com.fasterxml.jackson.databind.exc.MismatchedInputException">com.fasterxml.jackson.databind.exc.MismatchedInputException: Cannot deserialize value of type `pojo.CreateOrUpdateAPI.ProjectOwner.EstablishmentOwners` from Array value (token `JsonToken.START_ARRAY`)
 at [Source: (File); line: 50, column: 27] (through reference chain: pojo.CreateOrUpdateAPI.CreateApplication[&quot;projectOwners&quot;]-&gt;pojo.CreateOrUpdateAPI.ProjectOwner.ProjectOwners[&quot;establishmentOwners&quot;])
	at com.fasterxml.jackson.databind.exc.MismatchedInputException.from(MismatchedInputException.java:59)
	at com.fasterxml.jackson.databind.DeserializationContext.reportInputMismatch(DeserializationContext.java:1601)
	at com.fasterxml.jackson.databind.DeserializationContext.handleUnexpectedToken(DeserializationContext.java:1375)
	at com.fasterxml.jackson.databind.DeserializationContext.handleUnexpectedToken(DeserializationContext.java:1322)
	at com.fasterxml.jackson.databind.deser.BeanDeserializer._deserializeFromArray(BeanDeserializer.java:640)
	at com.fasterxml.jackson.databind.deser.BeanDeserializer._deserializeOther(BeanDeserializer.java:221)
	at com.fasterxml.jackson.databind.deser.BeanDeserializer.deserialize(BeanDeserializer.java:197)
	at com.fasterxml.jackson.databind.deser.impl.MethodProperty.deserializeAndSet(MethodProperty.java:129)
	at com.fasterxml.jackson.databind.deser.BeanDeserializer.vanillaDeserialize(BeanDeserializer.java:324)
	at com.fasterxml.jackson.databind.deser.BeanDeserializer.deserialize(BeanDeserializer.java:187)
	at com.fasterxml.jackson.databind.deser.impl.MethodProperty.deserializeAndSet(MethodProperty.java:129)
	at com.fasterxml.jackson.databind.deser.BeanDeserializer.vanillaDeserialize(BeanDeserializer.java:324)
	at com.fasterxml.jackson.databind.deser.BeanDeserializer.deserialize(BeanDeserializer.java:187)
	at com.fasterxml.jackson.databind.deser.DefaultDeserializationContext.readRootValue(DefaultDeserializationContext.java:322)
	at com.fasterxml.jackson.databind.ObjectMapper._readMapAndClose(ObjectMapper.java:4593)
	at com.fasterxml.jackson.databind.ObjectMapper.readValue(ObjectMapper.java:3413)
	at pojo.CreateOrUpdateAPI.SerializeDeserialize.createApplication(SerializeDeserialize.java:24)
	at stepDefinations.CreateValidation.add_application_payload(CreateValidation.java:33)
	at ✽.Add application payload(file:///C:/Users/Nagaraj/IdeaProjects/RestAssuredAPI/src/test/java/features/Validations.feature:4)
</error>
    <system-out>
Scenario: Verify if application is being added successfully to CreateorUpdate API &amp;#27;[90m# src/test/java/features/Validations.feature:3&amp;#27;[0m
  &amp;#27;[31mGiven &amp;#27;[0m&amp;#27;[31mAdd application payload&amp;#27;[0m                                                   &amp;#27;[90m# stepDefinations.CreateValidation.add_application_payload()&amp;#27;[0m
      &amp;#27;[31mcom.fasterxml.jackson.databind.exc.MismatchedInputException: Cannot deserialize value of type `pojo.CreateOrUpdateAPI.ProjectOwner.EstablishmentOwners` from Array value (token `JsonToken.START_ARRAY`)
 at [Source: (File); line: 50, column: 27] (through reference chain: pojo.CreateOrUpdateAPI.CreateApplication[&quot;projectOwners&quot;]-&gt;pojo.CreateOrUpdateAPI.ProjectOwner.ProjectOwners[&quot;establishmentOwners&quot;])
	at com.fasterxml.jackson.databind.exc.MismatchedInputException.from(MismatchedInputException.java:59)
	at com.fasterxml.jackson.databind.DeserializationContext.reportInputMismatch(DeserializationContext.java:1601)
	at com.fasterxml.jackson.databind.DeserializationContext.handleUnexpectedToken(DeserializationContext.java:1375)
	at com.fasterxml.jackson.databind.DeserializationContext.handleUnexpectedToken(DeserializationContext.java:1322)
	at com.fasterxml.jackson.databind.deser.BeanDeserializer._deserializeFromArray(BeanDeserializer.java:640)
	at com.fasterxml.jackson.databind.deser.BeanDeserializer._deserializeOther(BeanDeserializer.java:221)
	at com.fasterxml.jackson.databind.deser.BeanDeserializer.deserialize(BeanDeserializer.java:197)
	at com.fasterxml.jackson.databind.deser.impl.MethodProperty.deserializeAndSet(MethodProperty.java:129)
	at com.fasterxml.jackson.databind.deser.BeanDeserializer.vanillaDeserialize(BeanDeserializer.java:324)
	at com.fasterxml.jackson.databind.deser.BeanDeserializer.deserialize(BeanDeserializer.java:187)
	at com.fasterxml.jackson.databind.deser.impl.MethodProperty.deserializeAndSet(MethodProperty.java:129)
	at com.fasterxml.jackson.databind.deser.BeanDeserializer.vanillaDeserialize(BeanDeserializer.java:324)
	at com.fasterxml.jackson.databind.deser.BeanDeserializer.deserialize(BeanDeserializer.java:187)
	at com.fasterxml.jackson.databind.deser.DefaultDeserializationContext.readRootValue(DefaultDeserializationContext.java:322)
	at com.fasterxml.jackson.databind.ObjectMapper._readMapAndClose(ObjectMapper.java:4593)
	at com.fasterxml.jackson.databind.ObjectMapper.readValue(ObjectMapper.java:3413)
	at pojo.CreateOrUpdateAPI.SerializeDeserialize.createApplication(SerializeDeserialize.java:24)
	at stepDefinations.CreateValidation.add_application_payload(CreateValidation.java:33)
	at ✽.Add application payload(file:///C:/Users/Nagaraj/IdeaProjects/RestAssuredAPI/src/test/java/features/Validations.feature:4)
&amp;#27;[0m
  &amp;#27;[36mWhen &amp;#27;[0m&amp;#27;[36mUser calls &amp;#27;[0m&amp;#27;[36m&amp;#27;[1m&quot;CreateOrUpdateAPI&quot;&amp;#27;[0m&amp;#27;[36m with &amp;#27;[0m&amp;#27;[36m&amp;#27;[1m&quot;POST&quot;&amp;#27;[0m&amp;#27;[36m http request&amp;#27;[0m                    &amp;#27;[90m# stepDefinations.CreateValidation.user_calls_with_post_http_request(java.lang.String,java.lang.String)&amp;#27;[0m
  &amp;#27;[36mThen &amp;#27;[0m&amp;#27;[36mthe API Call is success with status code &amp;#27;[0m&amp;#27;[36m&amp;#27;[1m200&amp;#27;[0m                               &amp;#27;[90m# stepDefinations.CreateValidation.the_api_call_is_success_with_status_code(java.lang.Integer)&amp;#27;[0m
  &amp;#27;[36mAnd &amp;#27;[0m&amp;#27;[36m&amp;#27;[0m&amp;#27;[36m&amp;#27;[1m&quot;status&quot;&amp;#27;[0m&amp;#27;[36m in response body is &amp;#27;[0m&amp;#27;[36m&amp;#27;[1m&quot;OK&quot;&amp;#27;[0m                                           &amp;#27;[90m# stepDefinations.CreateValidation.in_response_body_is(java.lang.String,java.lang.String)&amp;#27;[0m
</system-out>
  </testcase>
</testsuite>